<?xml version="1.0" encoding="UTF-8" ?>
<testsuite tests="1" failures="0" name="com.string.CalculatorTest" time="0.046" errors="0" skipped="0">
  <properties>
    <property name="java.runtime.name" value="Java(TM) SE Runtime Environment"/>
    <property name="sun.boot.library.path" value="C:\jdk1.8.0_101\jre\bin"/>
    <property name="java.vm.version" value="25.101-b13"/>
    <property name="java.vm.vendor" value="Oracle Corporation"/>
    <property name="maven.multiModuleProjectDirectory" value="C:\stringCalculator\calculator"/>
    <property name="java.vendor.url" value="http://java.oracle.com/"/>
    <property name="path.separator" value=";"/>
    <property name="guice.disable.misplaced.annotation.check" value="true"/>
    <property name="java.vm.name" value="Java HotSpot(TM) 64-Bit Server VM"/>
    <property name="file.encoding.pkg" value="sun.io"/>
    <property name="user.script" value=""/>
    <property name="user.country" value="US"/>
    <property name="sun.java.launcher" value="SUN_STANDARD"/>
    <property name="sun.os.patch.level" value="Service Pack 1"/>
    <property name="java.vm.specification.name" value="Java Virtual Machine Specification"/>
    <property name="user.dir" value="C:\stringCalculator\calculator"/>
    <property name="java.runtime.version" value="1.8.0_101-b13"/>
    <property name="java.awt.graphicsenv" value="sun.awt.Win32GraphicsEnvironment"/>
    <property name="java.endorsed.dirs" value="C:\jdk1.8.0_101\jre\lib\endorsed"/>
    <property name="os.arch" value="amd64"/>
    <property name="java.io.tmpdir" value="C:\Users\IBM_AD~1\AppData\Local\Temp\"/>
    <property name="line.separator" value="
"/>
    <property name="java.vm.specification.vendor" value="Oracle Corporation"/>
    <property name="user.variant" value=""/>
    <property name="os.name" value="Windows 7"/>
    <property name="classworlds.conf" value="C:\work\java8\.metadata\.plugins\org.eclipse.m2e.launching\launches\m2conf9174967042555571225.tmp"/>
    <property name="sun.jnu.encoding" value="Cp1252"/>
    <property name="java.library.path" value="C:\jdk1.8.0_101\bin;C:\windows\Sun\Java\bin;C:\windows\system32;C:\windows;C:/IBM/WebSphere/AppServer/java_1.7.1_64/bin/../jre/bin/j9vm;C:/IBM/WebSphere/AppServer/java_1.7.1_64/bin/../jre/bin;C:/IBM/WebSphere/AppServer/java_1.7.1_64/bin/../jre/lib/amd64;C:\IBM\WebSphere\AppServer\java_1.7.1_64\bin;C:\app\praweenk\product\11.2.0\dbhome_2\bin;C:\app\praweenk\product\11.2.0\dbhome_1\bin;C:\IBM\WebSphere\AppServer\java_1.7.1_64\bin;C:\software\apache-maven-3.2.2\bin;C:\work\workspace\EMP_SP_10.1.1_Comp\external\apache-ant-1.8.2\bin;C:\ProgramData\Oracle\Java\javapath;C:\windows\system32;C:\windows;C:\windows\System32\Wbem;C:\windows\System32\WindowsPowerShell\v1.0\;C:\Program Files (x86)\IBM\Personal Communications\;C:\Program Files (x86)\IBM\Trace Facility\;C:\Program Files (x86)\IBM\Mobility Client\;C:\Program Files\Git\cmd;C:\Program Files (x86)\scala\bin;C:\Program Files\PuTTY\;C:\Users\IBM_ADMIN\Anaconda3;C:\Users\IBM_ADMIN\Anaconda3\Library\mingw-w64\bin;C:\Users\IBM_ADMIN\Anaconda3\Library\usr\bin;C:\Users\IBM_ADMIN\Anaconda3\Library\bin;C:\Users\IBM_ADMIN\Anaconda3\Scripts;C:\Users\IBM_ADMIN\AppData\Local\Programs\Fiddler;C:\Users\IBM_ADMIN\AppData\Local\Box\Box Edit\;C:\Users\IBM_ADMIN\AppData\Local\Programs\Microsoft VS Code\bin;C:\software\eclipse-jee-mars-R-win32-x86_64\eclipse;;."/>
    <property name="java.specification.name" value="Java Platform API Specification"/>
    <property name="java.class.version" value="52.0"/>
    <property name="sun.management.compiler" value="HotSpot 64-Bit Tiered Compilers"/>
    <property name="os.version" value="6.1"/>
    <property name="user.home" value="C:\Users\IBM_ADMIN"/>
    <property name="user.timezone" value="Asia/Calcutta"/>
    <property name="java.awt.printerjob" value="sun.awt.windows.WPrinterJob"/>
    <property name="java.specification.version" value="1.8"/>
    <property name="file.encoding" value="Cp1252"/>
    <property name="user.name" value="praweenk"/>
    <property name="java.class.path" value="/C:/software/eclipse-jee-mars-R-win32-x86_64/eclipse/plugins/org.eclipse.m2e.maven.runtime_1.6.0.20150526-2031/jars/plexus-classworlds-2.5.2.jar"/>
    <property name="java.vm.specification.version" value="1.8"/>
    <property name="sun.arch.data.model" value="64"/>
    <property name="java.home" value="C:\jdk1.8.0_101\jre"/>
    <property name="sun.java.command" value="org.codehaus.plexus.classworlds.launcher.Launcher -B test"/>
    <property name="java.specification.vendor" value="Oracle Corporation"/>
    <property name="user.language" value="en"/>
    <property name="awt.toolkit" value="sun.awt.windows.WToolkit"/>
    <property name="java.vm.info" value="mixed mode"/>
    <property name="java.version" value="1.8.0_101"/>
    <property name="java.ext.dirs" value="C:\jdk1.8.0_101\jre\lib\ext;C:\windows\Sun\Java\lib\ext"/>
    <property name="sun.boot.class.path" value="C:\jdk1.8.0_101\jre\lib\resources.jar;C:\jdk1.8.0_101\jre\lib\rt.jar;C:\jdk1.8.0_101\jre\lib\sunrsasign.jar;C:\jdk1.8.0_101\jre\lib\jsse.jar;C:\jdk1.8.0_101\jre\lib\jce.jar;C:\jdk1.8.0_101\jre\lib\charsets.jar;C:\jdk1.8.0_101\jre\lib\jfr.jar;C:\jdk1.8.0_101\jre\classes"/>
    <property name="java.vendor" value="Oracle Corporation"/>
    <property name="maven.home" value="C:\stringCalculator\calculator\EMBEDDED"/>
    <property name="file.separator" value="\"/>
    <property name="java.vendor.url.bug" value="http://bugreport.sun.com/bugreport/"/>
    <property name="sun.cpu.endian" value="little"/>
    <property name="sun.io.unicode.encoding" value="UnicodeLittle"/>
    <property name="sun.desktop" value="windows"/>
    <property name="sun.cpu.isalist" value="amd64"/>
  </properties>
  <testcase classname="com.string.CalculatorTest" name="testCalulate" time="0.046"/>
</testsuite>